-- predicates and indexing
\!gpconfig -c enable_seqscan -v "off" > /dev/null
\!gpstop -u > /dev/null
create table ipranges_exp (r iprange, r4 ip4r, r6 ip6r) distributed by (r);
insert into ipranges_exp
select r, null, r
  from (select ip6r(regexp_replace(ls, E'(....(?!$))', E'\\1:', 'g')::ip6,
                    regexp_replace(substring(ls for n+1) || substring(us from n+2),
                                   E'(....(?!$))', E'\\1:', 'g')::ip6) as r
          from (select md5(i || ' lower 1') as ls,
                       md5(i || ' upper 1') as us,
                       (i % 11) + (i/11 % 11) + (i/121 % 11) as n
                  from generate_series(1,13310) i) s1) s2;
insert into ipranges_exp
select r, r, null
  from (select ip4r(ip4 '0.0.0.0' + ((la & '::ffff:ffff') - ip6 '::'),
                    ip4 '0.0.0.0' + ((( (la & ip6_netmask(127-n)) | (ua & ~ip6_netmask(127-n)) ) & '::ffff:ffff') - ip6 '::')) as r
          from (select regexp_replace(md5(i || ' lower 2'), E'(....(?!$))', E'\\1:', 'g')::ip6 as la,
                       regexp_replace(md5(i || ' upper 2'), E'(....(?!$))', E'\\1:', 'g')::ip6 as ua,
                       (i % 11) + (i/11 % 11) + (i/121 % 11) as n
                  from generate_series(1,1331) i) s1) s2;
insert into ipranges_exp
select r, null, r
  from (select n::ip6 / 68 as r
          from (select ((8192 + i/256)::numeric * (2::numeric ^ 112)
                       + (131072 + (i % 256))::numeric * (2::numeric ^ 60)) as n
                  from generate_series(0,4095) i) s1) s2;
insert into ipranges_exp
select r, r, null
  from (select n / 28 as r
          from (select ip4 '172.16.0.0' + (i * 256) as n
                  from generate_series(0,4095) i) s1) s2;
insert into ipranges_exp
select r, null, r
  from (select n::ip6 / 48 as r
          from (select ((8192 + i/256)::numeric * (2::numeric ^ 112)
                       + (i % 256)::numeric * (2::numeric ^ 84)) as n
                  from generate_series(0,4095) i) s1) s2;
insert into ipranges_exp
select r, r, null
  from (select n / 16 as r
          from (select ip4 '128.0.0.0' + (i * 65536) as n
                  from generate_series(0,4095) i) s1) s2;
insert into ipranges_exp values ('-',null,null);
create table ipaddrs_exp (a ipaddress, a4 ip4, a6 ip6) distributed by (a);
insert into ipaddrs_exp
select a, null, a
  from (select regexp_replace(md5(i || ' address 1'), E'(....(?!$))', E'\\1:', 'g')::ip6 as a
          from generate_series(1,256) i) s1;
insert into ipaddrs_exp
select a, a, null
  from (select ip4 '0.0.0.0' + ((regexp_replace(md5(i || ' address 1'), E'(....(?!$))', E'\\1:', 'g')::ip6 & '::ffff:ffff') - '::') as a
          from generate_series(1,16) i) s1;
explain select * from ipranges_exp where r >>= '5555::' order by r;
                                  QUERY PLAN                                   
-------------------------------------------------------------------------------
 Gather Motion 3:1  (slice1; segments: 3)  (cost=0.00..431.00 rows=1 width=48)
   Merge Key: r
   ->  Sort  (cost=0.00..431.00 rows=1 width=48)
         Sort Key: r
         ->  Seq Scan on ipranges_exp  (cost=0.00..431.00 rows=1 width=48)
               Filter: (r >>= '5555::'::iprange)
 Optimizer: Pivotal Optimizer (GPORCA)
(7 rows)

explain select * from ipranges_exp where r <<= '5555::/16' order by r;
                                  QUERY PLAN                                   
-------------------------------------------------------------------------------
 Gather Motion 3:1  (slice1; segments: 3)  (cost=0.00..431.00 rows=1 width=48)
   Merge Key: r
   ->  Sort  (cost=0.00..431.00 rows=1 width=48)
         Sort Key: r
         ->  Seq Scan on ipranges_exp  (cost=0.00..431.00 rows=1 width=48)
               Filter: (r <<= '5555::/16'::iprange)
 Optimizer: Pivotal Optimizer (GPORCA)
(7 rows)

explain select * from ipranges_exp where r && '5555::/16' order by r;
                                  QUERY PLAN                                   
-------------------------------------------------------------------------------
 Gather Motion 3:1  (slice1; segments: 3)  (cost=0.00..431.00 rows=1 width=48)
   Merge Key: r
   ->  Sort  (cost=0.00..431.00 rows=1 width=48)
         Sort Key: r
         ->  Seq Scan on ipranges_exp  (cost=0.00..431.00 rows=1 width=48)
               Filter: (r && '5555::/16'::iprange)
 Optimizer: Pivotal Optimizer (GPORCA)
(7 rows)

explain select * from ipranges_exp where r6 >>= '5555::' order by r6;
                                  QUERY PLAN                                   
-------------------------------------------------------------------------------
 Gather Motion 3:1  (slice1; segments: 3)  (cost=0.00..431.00 rows=1 width=48)
   Merge Key: r6
   ->  Sort  (cost=0.00..431.00 rows=1 width=48)
         Sort Key: r6
         ->  Seq Scan on ipranges_exp  (cost=0.00..431.00 rows=1 width=48)
               Filter: (r6 >>= '5555::'::ip6r)
 Optimizer: Pivotal Optimizer (GPORCA)
(7 rows)

explain select * from ipranges_exp where r6 <<= '5555::/16' order by r6;
                                  QUERY PLAN                                   
-------------------------------------------------------------------------------
 Gather Motion 3:1  (slice1; segments: 3)  (cost=0.00..431.00 rows=1 width=48)
   Merge Key: r6
   ->  Sort  (cost=0.00..431.00 rows=1 width=48)
         Sort Key: r6
         ->  Seq Scan on ipranges_exp  (cost=0.00..431.00 rows=1 width=48)
               Filter: (r6 <<= '5555::/16'::ip6r)
 Optimizer: Pivotal Optimizer (GPORCA)
(7 rows)

explain select * from ipranges_exp where r6 && '5555::/16' order by r6;
                                  QUERY PLAN                                   
-------------------------------------------------------------------------------
 Gather Motion 3:1  (slice1; segments: 3)  (cost=0.00..431.00 rows=1 width=48)
   Merge Key: r6
   ->  Sort  (cost=0.00..431.00 rows=1 width=48)
         Sort Key: r6
         ->  Seq Scan on ipranges_exp  (cost=0.00..431.00 rows=1 width=48)
               Filter: (r6 && '5555::/16'::ip6r)
 Optimizer: Pivotal Optimizer (GPORCA)
(7 rows)

explain select * from ipranges_exp where r >>= '172.16.2.0' order by r;
                                  QUERY PLAN                                   
-------------------------------------------------------------------------------
 Gather Motion 3:1  (slice1; segments: 3)  (cost=0.00..431.00 rows=1 width=48)
   Merge Key: r
   ->  Sort  (cost=0.00..431.00 rows=1 width=48)
         Sort Key: r
         ->  Seq Scan on ipranges_exp  (cost=0.00..431.00 rows=1 width=48)
               Filter: (r >>= '172.16.2.0'::iprange)
 Optimizer: Pivotal Optimizer (GPORCA)
(7 rows)

explain select * from ipranges_exp where r <<= '10.0.0.0/12' order by r;
                                  QUERY PLAN                                   
-------------------------------------------------------------------------------
 Gather Motion 3:1  (slice1; segments: 3)  (cost=0.00..431.00 rows=1 width=48)
   Merge Key: r
   ->  Sort  (cost=0.00..431.00 rows=1 width=48)
         Sort Key: r
         ->  Seq Scan on ipranges_exp  (cost=0.00..431.00 rows=1 width=48)
               Filter: (r <<= '10.0.0.0/12'::iprange)
 Optimizer: Pivotal Optimizer (GPORCA)
(7 rows)

explain select * from ipranges_exp where r && '10.128.0.0/12' order by r;
                                  QUERY PLAN                                   
-------------------------------------------------------------------------------
 Gather Motion 3:1  (slice1; segments: 3)  (cost=0.00..431.00 rows=1 width=48)
   Merge Key: r
   ->  Sort  (cost=0.00..431.00 rows=1 width=48)
         Sort Key: r
         ->  Seq Scan on ipranges_exp  (cost=0.00..431.00 rows=1 width=48)
               Filter: (r && '10.128.0.0/12'::iprange)
 Optimizer: Pivotal Optimizer (GPORCA)
(7 rows)

explain select * from ipranges_exp where r4 >>= '172.16.2.0' order by r4;
                                  QUERY PLAN                                   
-------------------------------------------------------------------------------
 Gather Motion 3:1  (slice1; segments: 3)  (cost=0.00..431.00 rows=1 width=48)
   Merge Key: r4
   ->  Sort  (cost=0.00..431.00 rows=1 width=48)
         Sort Key: r4
         ->  Seq Scan on ipranges_exp  (cost=0.00..431.00 rows=1 width=48)
               Filter: (r4 >>= '172.16.2.0'::ip4r)
 Optimizer: Pivotal Optimizer (GPORCA)
(7 rows)

explain select * from ipranges_exp where r4 <<= '10.0.0.0/12' order by r4;
                                  QUERY PLAN                                   
-------------------------------------------------------------------------------
 Gather Motion 3:1  (slice1; segments: 3)  (cost=0.00..431.00 rows=1 width=48)
   Merge Key: r4
   ->  Sort  (cost=0.00..431.00 rows=1 width=48)
         Sort Key: r4
         ->  Seq Scan on ipranges_exp  (cost=0.00..431.00 rows=1 width=48)
               Filter: (r4 <<= '10.0.0.0/12'::ip4r)
 Optimizer: Pivotal Optimizer (GPORCA)
(7 rows)

explain select * from ipranges_exp where r4 && '10.128.0.0/12' order by r4;
                                  QUERY PLAN                                   
-------------------------------------------------------------------------------
 Gather Motion 3:1  (slice1; segments: 3)  (cost=0.00..431.00 rows=1 width=48)
   Merge Key: r4
   ->  Sort  (cost=0.00..431.00 rows=1 width=48)
         Sort Key: r4
         ->  Seq Scan on ipranges_exp  (cost=0.00..431.00 rows=1 width=48)
               Filter: (r4 && '10.128.0.0/12'::ip4r)
 Optimizer: Pivotal Optimizer (GPORCA)
(7 rows)

explain select * from ipranges_exp where r >>= '2001:0:0:2000:a123::' order by r;
                                  QUERY PLAN                                   
-------------------------------------------------------------------------------
 Gather Motion 3:1  (slice1; segments: 3)  (cost=0.00..431.00 rows=1 width=48)
   Merge Key: r
   ->  Sort  (cost=0.00..431.00 rows=1 width=48)
         Sort Key: r
         ->  Seq Scan on ipranges_exp  (cost=0.00..431.00 rows=1 width=48)
               Filter: (r >>= '2001:0:0:2000:a123::'::iprange)
 Optimizer: Pivotal Optimizer (GPORCA)
(7 rows)

explain select * from ipranges_exp where r >>= '2001:0:0:2000::' order by r;
                                  QUERY PLAN                                   
-------------------------------------------------------------------------------
 Gather Motion 3:1  (slice1; segments: 3)  (cost=0.00..431.00 rows=1 width=48)
   Merge Key: r
   ->  Sort  (cost=0.00..431.00 rows=1 width=48)
         Sort Key: r
         ->  Seq Scan on ipranges_exp  (cost=0.00..431.00 rows=1 width=48)
               Filter: (r >>= '2001:0:0:2000::'::iprange)
 Optimizer: Pivotal Optimizer (GPORCA)
(7 rows)

explain select * from ipranges_exp where r >>= '2001:0:0:2000::/68' order by r;
                                  QUERY PLAN                                   
-------------------------------------------------------------------------------
 Gather Motion 3:1  (slice1; segments: 3)  (cost=0.00..431.00 rows=1 width=48)
   Merge Key: r
   ->  Sort  (cost=0.00..431.00 rows=1 width=48)
         Sort Key: r
         ->  Seq Scan on ipranges_exp  (cost=0.00..431.00 rows=1 width=48)
               Filter: (r >>= '2001:0:0:2000::/68'::iprange)
 Optimizer: Pivotal Optimizer (GPORCA)
(7 rows)

explain select * from ipranges_exp where r >> '2001:0:0:2000::/68' order by r;
                                  QUERY PLAN                                   
-------------------------------------------------------------------------------
 Gather Motion 3:1  (slice1; segments: 3)  (cost=0.00..431.00 rows=1 width=48)
   Merge Key: r
   ->  Sort  (cost=0.00..431.00 rows=1 width=48)
         Sort Key: r
         ->  Seq Scan on ipranges_exp  (cost=0.00..431.00 rows=1 width=48)
               Filter: (r >> '2001:0:0:2000::/68'::iprange)
 Optimizer: Pivotal Optimizer (GPORCA)
(7 rows)

explain select * from ipranges_exp where r6 >>= '2001:0:0:2000:a123::' order by r6;
                                  QUERY PLAN                                   
-------------------------------------------------------------------------------
 Gather Motion 3:1  (slice1; segments: 3)  (cost=0.00..431.00 rows=1 width=48)
   Merge Key: r6
   ->  Sort  (cost=0.00..431.00 rows=1 width=48)
         Sort Key: r6
         ->  Seq Scan on ipranges_exp  (cost=0.00..431.00 rows=1 width=48)
               Filter: (r6 >>= '2001:0:0:2000:a123::'::ip6r)
 Optimizer: Pivotal Optimizer (GPORCA)
(7 rows)

explain select * from ipranges_exp where r6 >>= '2001:0:0:2000::' order by r6;
                                  QUERY PLAN                                   
-------------------------------------------------------------------------------
 Gather Motion 3:1  (slice1; segments: 3)  (cost=0.00..431.00 rows=1 width=48)
   Merge Key: r6
   ->  Sort  (cost=0.00..431.00 rows=1 width=48)
         Sort Key: r6
         ->  Seq Scan on ipranges_exp  (cost=0.00..431.00 rows=1 width=48)
               Filter: (r6 >>= '2001:0:0:2000::'::ip6r)
 Optimizer: Pivotal Optimizer (GPORCA)
(7 rows)

explain select * from ipranges_exp where r6 >>= '2001:0:0:2000::/68' order by r6;
                                  QUERY PLAN                                   
-------------------------------------------------------------------------------
 Gather Motion 3:1  (slice1; segments: 3)  (cost=0.00..431.00 rows=1 width=48)
   Merge Key: r6
   ->  Sort  (cost=0.00..431.00 rows=1 width=48)
         Sort Key: r6
         ->  Seq Scan on ipranges_exp  (cost=0.00..431.00 rows=1 width=48)
               Filter: (r6 >>= '2001:0:0:2000::/68'::ip6r)
 Optimizer: Pivotal Optimizer (GPORCA)
(7 rows)

explain select * from ipranges_exp where r6 >> '2001:0:0:2000::/68' order by r6;
                                  QUERY PLAN                                   
-------------------------------------------------------------------------------
 Gather Motion 3:1  (slice1; segments: 3)  (cost=0.00..431.00 rows=1 width=48)
   Merge Key: r6
   ->  Sort  (cost=0.00..431.00 rows=1 width=48)
         Sort Key: r6
         ->  Seq Scan on ipranges_exp  (cost=0.00..431.00 rows=1 width=48)
               Filter: (r6 >> '2001:0:0:2000::/68'::ip6r)
 Optimizer: Pivotal Optimizer (GPORCA)
(7 rows)

explain select * from ipranges_exp where r4 >>= '172.16.2.0/28' order by r4;
                                  QUERY PLAN                                   
-------------------------------------------------------------------------------
 Gather Motion 3:1  (slice1; segments: 3)  (cost=0.00..431.00 rows=1 width=48)
   Merge Key: r4
   ->  Sort  (cost=0.00..431.00 rows=1 width=48)
         Sort Key: r4
         ->  Seq Scan on ipranges_exp  (cost=0.00..431.00 rows=1 width=48)
               Filter: (r4 >>= '172.16.2.0/28'::ip4r)
 Optimizer: Pivotal Optimizer (GPORCA)
(7 rows)

explain select * from ipranges_exp where r4 >> '172.16.2.0/28' order by r4;
                                  QUERY PLAN                                   
-------------------------------------------------------------------------------
 Gather Motion 3:1  (slice1; segments: 3)  (cost=0.00..431.00 rows=1 width=48)
   Merge Key: r4
   ->  Sort  (cost=0.00..431.00 rows=1 width=48)
         Sort Key: r4
         ->  Seq Scan on ipranges_exp  (cost=0.00..431.00 rows=1 width=48)
               Filter: (r4 >> '172.16.2.0/28'::ip4r)
 Optimizer: Pivotal Optimizer (GPORCA)
(7 rows)

explain select * from ipaddrs_exp where a between '8.0.0.0' and '15.0.0.0' order by a;
                                      QUERY PLAN                                      
--------------------------------------------------------------------------------------
 Gather Motion 3:1  (slice1; segments: 3)  (cost=0.00..431.00 rows=1 width=28)
   Merge Key: a
   ->  Sort  (cost=0.00..431.00 rows=1 width=28)
         Sort Key: a
         ->  Seq Scan on ipaddrs_exp  (cost=0.00..431.00 rows=1 width=28)
               Filter: ((a >= '8.0.0.0'::ipaddress) AND (a <= '15.0.0.0'::ipaddress))
 Optimizer: Pivotal Optimizer (GPORCA)
(7 rows)

explain select * from ipaddrs_exp where a4 between '8.0.0.0' and '15.0.0.0' order by a4;
                                  QUERY PLAN                                   
-------------------------------------------------------------------------------
 Gather Motion 3:1  (slice1; segments: 3)  (cost=0.00..431.00 rows=1 width=28)
   Merge Key: a4
   ->  Sort  (cost=0.00..431.00 rows=1 width=28)
         Sort Key: a4
         ->  Seq Scan on ipaddrs_exp  (cost=0.00..431.00 rows=1 width=28)
               Filter: ((a4 >= '8.0.0.0'::ip4) AND (a4 <= '15.0.0.0'::ip4))
 Optimizer: Pivotal Optimizer (GPORCA)
(7 rows)

create index ipranges_exp_r on ipranges_exp using gist (r);
create index ipranges_exp_r4 on ipranges_exp using gist (r4);
create index ipranges_exp_r6 on ipranges_exp using gist (r6);
create index ipaddrs_exp_a on ipaddrs_exp (a);
create index ipaddrs_exp_a4 on ipaddrs_exp (a4);
create index ipaddrs_exp_a6 on ipaddrs_exp (a6);
analyze ipranges_exp;
analyze ipaddrs_exp;
explain select * from ipranges_exp where r >>= '5555::' order by r;
                                            QUERY PLAN                                             
---------------------------------------------------------------------------------------------------
 Gather Motion 3:1  (slice1; segments: 3)  (cost=0.00..28.33 rows=12411 width=60)
   Merge Key: r
   ->  Sort  (cost=0.00..25.55 rows=4137 width=60)
         Sort Key: r
         ->  Index Scan using ipranges_exp_r on ipranges_exp  (cost=0.00..8.64 rows=4137 width=60)
               Index Cond: (r >>= '5555::'::iprange)
               Filter: (r >>= '5555::'::iprange)
 Optimizer: Pivotal Optimizer (GPORCA)
(8 rows)

explain select * from ipranges_exp where r <<= '5555::/16' order by r;
                                            QUERY PLAN                                             
---------------------------------------------------------------------------------------------------
 Gather Motion 3:1  (slice1; segments: 3)  (cost=0.00..28.33 rows=12411 width=60)
   Merge Key: r
   ->  Sort  (cost=0.00..25.55 rows=4137 width=60)
         Sort Key: r
         ->  Index Scan using ipranges_exp_r on ipranges_exp  (cost=0.00..8.64 rows=4137 width=60)
               Index Cond: (r <<= '5555::/16'::iprange)
               Filter: (r <<= '5555::/16'::iprange)
 Optimizer: Pivotal Optimizer (GPORCA)
(8 rows)

explain select * from ipranges_exp where r && '5555::/16' order by r;
                                            QUERY PLAN                                             
---------------------------------------------------------------------------------------------------
 Gather Motion 3:1  (slice1; segments: 3)  (cost=0.00..28.33 rows=12411 width=60)
   Merge Key: r
   ->  Sort  (cost=0.00..25.55 rows=4137 width=60)
         Sort Key: r
         ->  Index Scan using ipranges_exp_r on ipranges_exp  (cost=0.00..8.64 rows=4137 width=60)
               Index Cond: (r && '5555::/16'::iprange)
               Filter: (r && '5555::/16'::iprange)
 Optimizer: Pivotal Optimizer (GPORCA)
(8 rows)

explain select * from ipranges_exp where r6 >>= '5555::' order by r6;
                                             QUERY PLAN                                             
----------------------------------------------------------------------------------------------------
 Gather Motion 3:1  (slice1; segments: 3)  (cost=0.00..28.33 rows=12411 width=60)
   Merge Key: r6
   ->  Sort  (cost=0.00..25.55 rows=4137 width=60)
         Sort Key: r6
         ->  Index Scan using ipranges_exp_r6 on ipranges_exp  (cost=0.00..8.64 rows=4137 width=60)
               Index Cond: (r6 >>= '5555::'::ip6r)
               Filter: (r6 >>= '5555::'::ip6r)
 Optimizer: Pivotal Optimizer (GPORCA)
(8 rows)

explain select * from ipranges_exp where r6 <<= '5555::/16' order by r6;
                                             QUERY PLAN                                             
----------------------------------------------------------------------------------------------------
 Gather Motion 3:1  (slice1; segments: 3)  (cost=0.00..28.33 rows=12411 width=60)
   Merge Key: r6
   ->  Sort  (cost=0.00..25.55 rows=4137 width=60)
         Sort Key: r6
         ->  Index Scan using ipranges_exp_r6 on ipranges_exp  (cost=0.00..8.64 rows=4137 width=60)
               Index Cond: (r6 <<= '5555::/16'::ip6r)
               Filter: (r6 <<= '5555::/16'::ip6r)
 Optimizer: Pivotal Optimizer (GPORCA)
(8 rows)

explain select * from ipranges_exp where r6 && '5555::/16' order by r6;
                                             QUERY PLAN                                             
----------------------------------------------------------------------------------------------------
 Gather Motion 3:1  (slice1; segments: 3)  (cost=0.00..28.33 rows=12411 width=60)
   Merge Key: r6
   ->  Sort  (cost=0.00..25.55 rows=4137 width=60)
         Sort Key: r6
         ->  Index Scan using ipranges_exp_r6 on ipranges_exp  (cost=0.00..8.64 rows=4137 width=60)
               Index Cond: (r6 && '5555::/16'::ip6r)
               Filter: (r6 && '5555::/16'::ip6r)
 Optimizer: Pivotal Optimizer (GPORCA)
(8 rows)

explain select * from ipranges_exp where r >>= '172.16.2.0' order by r;
                                            QUERY PLAN                                             
---------------------------------------------------------------------------------------------------
 Gather Motion 3:1  (slice1; segments: 3)  (cost=0.00..28.33 rows=12411 width=60)
   Merge Key: r
   ->  Sort  (cost=0.00..25.55 rows=4137 width=60)
         Sort Key: r
         ->  Index Scan using ipranges_exp_r on ipranges_exp  (cost=0.00..8.64 rows=4137 width=60)
               Index Cond: (r >>= '172.16.2.0'::iprange)
               Filter: (r >>= '172.16.2.0'::iprange)
 Optimizer: Pivotal Optimizer (GPORCA)
(8 rows)

explain select * from ipranges_exp where r <<= '10.0.0.0/12' order by r;
                                            QUERY PLAN                                             
---------------------------------------------------------------------------------------------------
 Gather Motion 3:1  (slice1; segments: 3)  (cost=0.00..28.33 rows=12411 width=60)
   Merge Key: r
   ->  Sort  (cost=0.00..25.55 rows=4137 width=60)
         Sort Key: r
         ->  Index Scan using ipranges_exp_r on ipranges_exp  (cost=0.00..8.64 rows=4137 width=60)
               Index Cond: (r <<= '10.0.0.0/12'::iprange)
               Filter: (r <<= '10.0.0.0/12'::iprange)
 Optimizer: Pivotal Optimizer (GPORCA)
(8 rows)

explain select * from ipranges_exp where r && '10.128.0.0/12' order by r;
                                            QUERY PLAN                                             
---------------------------------------------------------------------------------------------------
 Gather Motion 3:1  (slice1; segments: 3)  (cost=0.00..28.33 rows=12411 width=60)
   Merge Key: r
   ->  Sort  (cost=0.00..25.55 rows=4137 width=60)
         Sort Key: r
         ->  Index Scan using ipranges_exp_r on ipranges_exp  (cost=0.00..8.64 rows=4137 width=60)
               Index Cond: (r && '10.128.0.0/12'::iprange)
               Filter: (r && '10.128.0.0/12'::iprange)
 Optimizer: Pivotal Optimizer (GPORCA)
(8 rows)

explain select * from ipranges_exp where r4 >>= '172.16.2.0' order by r4;
                                             QUERY PLAN                                             
----------------------------------------------------------------------------------------------------
 Gather Motion 3:1  (slice1; segments: 3)  (cost=0.00..28.33 rows=12411 width=60)
   Merge Key: r4
   ->  Sort  (cost=0.00..25.55 rows=4137 width=60)
         Sort Key: r4
         ->  Index Scan using ipranges_exp_r4 on ipranges_exp  (cost=0.00..8.64 rows=4137 width=60)
               Index Cond: (r4 >>= '172.16.2.0'::ip4r)
               Filter: (r4 >>= '172.16.2.0'::ip4r)
 Optimizer: Pivotal Optimizer (GPORCA)
(8 rows)

explain select * from ipranges_exp where r4 <<= '10.0.0.0/12' order by r4;
                                             QUERY PLAN                                             
----------------------------------------------------------------------------------------------------
 Gather Motion 3:1  (slice1; segments: 3)  (cost=0.00..28.33 rows=12411 width=60)
   Merge Key: r4
   ->  Sort  (cost=0.00..25.55 rows=4137 width=60)
         Sort Key: r4
         ->  Index Scan using ipranges_exp_r4 on ipranges_exp  (cost=0.00..8.64 rows=4137 width=60)
               Index Cond: (r4 <<= '10.0.0.0/12'::ip4r)
               Filter: (r4 <<= '10.0.0.0/12'::ip4r)
 Optimizer: Pivotal Optimizer (GPORCA)
(8 rows)

explain select * from ipranges_exp where r4 && '10.128.0.0/12' order by r4;
                                             QUERY PLAN                                             
----------------------------------------------------------------------------------------------------
 Gather Motion 3:1  (slice1; segments: 3)  (cost=0.00..28.33 rows=12411 width=60)
   Merge Key: r4
   ->  Sort  (cost=0.00..25.55 rows=4137 width=60)
         Sort Key: r4
         ->  Index Scan using ipranges_exp_r4 on ipranges_exp  (cost=0.00..8.64 rows=4137 width=60)
               Index Cond: (r4 && '10.128.0.0/12'::ip4r)
               Filter: (r4 && '10.128.0.0/12'::ip4r)
 Optimizer: Pivotal Optimizer (GPORCA)
(8 rows)

explain select * from ipranges_exp where r >>= '2001:0:0:2000:a123::' order by r;
                                            QUERY PLAN                                             
---------------------------------------------------------------------------------------------------
 Gather Motion 3:1  (slice1; segments: 3)  (cost=0.00..28.33 rows=12411 width=60)
   Merge Key: r
   ->  Sort  (cost=0.00..25.55 rows=4137 width=60)
         Sort Key: r
         ->  Index Scan using ipranges_exp_r on ipranges_exp  (cost=0.00..8.64 rows=4137 width=60)
               Index Cond: (r >>= '2001:0:0:2000:a123::'::iprange)
               Filter: (r >>= '2001:0:0:2000:a123::'::iprange)
 Optimizer: Pivotal Optimizer (GPORCA)
(8 rows)

explain select * from ipranges_exp where r >>= '2001:0:0:2000::' order by r;
                                            QUERY PLAN                                             
---------------------------------------------------------------------------------------------------
 Gather Motion 3:1  (slice1; segments: 3)  (cost=0.00..28.33 rows=12411 width=60)
   Merge Key: r
   ->  Sort  (cost=0.00..25.55 rows=4137 width=60)
         Sort Key: r
         ->  Index Scan using ipranges_exp_r on ipranges_exp  (cost=0.00..8.64 rows=4137 width=60)
               Index Cond: (r >>= '2001:0:0:2000::'::iprange)
               Filter: (r >>= '2001:0:0:2000::'::iprange)
 Optimizer: Pivotal Optimizer (GPORCA)
(8 rows)

explain select * from ipranges_exp where r >>= '2001:0:0:2000::/68' order by r;
                                            QUERY PLAN                                             
---------------------------------------------------------------------------------------------------
 Gather Motion 3:1  (slice1; segments: 3)  (cost=0.00..28.33 rows=12411 width=60)
   Merge Key: r
   ->  Sort  (cost=0.00..25.55 rows=4137 width=60)
         Sort Key: r
         ->  Index Scan using ipranges_exp_r on ipranges_exp  (cost=0.00..8.64 rows=4137 width=60)
               Index Cond: (r >>= '2001:0:0:2000::/68'::iprange)
               Filter: (r >>= '2001:0:0:2000::/68'::iprange)
 Optimizer: Pivotal Optimizer (GPORCA)
(8 rows)

explain select * from ipranges_exp where r >> '2001:0:0:2000::/68' order by r;
                                            QUERY PLAN                                             
---------------------------------------------------------------------------------------------------
 Gather Motion 3:1  (slice1; segments: 3)  (cost=0.00..28.33 rows=12411 width=60)
   Merge Key: r
   ->  Sort  (cost=0.00..25.55 rows=4137 width=60)
         Sort Key: r
         ->  Index Scan using ipranges_exp_r on ipranges_exp  (cost=0.00..8.64 rows=4137 width=60)
               Index Cond: (r >> '2001:0:0:2000::/68'::iprange)
               Filter: (r >> '2001:0:0:2000::/68'::iprange)
 Optimizer: Pivotal Optimizer (GPORCA)
(8 rows)

explain select * from ipranges_exp where r6 >>= '2001:0:0:2000:a123::' order by r6;
                                             QUERY PLAN                                             
----------------------------------------------------------------------------------------------------
 Gather Motion 3:1  (slice1; segments: 3)  (cost=0.00..28.33 rows=12411 width=60)
   Merge Key: r6
   ->  Sort  (cost=0.00..25.55 rows=4137 width=60)
         Sort Key: r6
         ->  Index Scan using ipranges_exp_r6 on ipranges_exp  (cost=0.00..8.64 rows=4137 width=60)
               Index Cond: (r6 >>= '2001:0:0:2000:a123::'::ip6r)
               Filter: (r6 >>= '2001:0:0:2000:a123::'::ip6r)
 Optimizer: Pivotal Optimizer (GPORCA)
(8 rows)

explain select * from ipranges_exp where r6 >>= '2001:0:0:2000::' order by r6;
                                             QUERY PLAN                                             
----------------------------------------------------------------------------------------------------
 Gather Motion 3:1  (slice1; segments: 3)  (cost=0.00..28.33 rows=12411 width=60)
   Merge Key: r6
   ->  Sort  (cost=0.00..25.55 rows=4137 width=60)
         Sort Key: r6
         ->  Index Scan using ipranges_exp_r6 on ipranges_exp  (cost=0.00..8.64 rows=4137 width=60)
               Index Cond: (r6 >>= '2001:0:0:2000::'::ip6r)
               Filter: (r6 >>= '2001:0:0:2000::'::ip6r)
 Optimizer: Pivotal Optimizer (GPORCA)
(8 rows)

explain select * from ipranges_exp where r6 >>= '2001:0:0:2000::/68' order by r6;
                                             QUERY PLAN                                             
----------------------------------------------------------------------------------------------------
 Gather Motion 3:1  (slice1; segments: 3)  (cost=0.00..28.33 rows=12411 width=60)
   Merge Key: r6
   ->  Sort  (cost=0.00..25.55 rows=4137 width=60)
         Sort Key: r6
         ->  Index Scan using ipranges_exp_r6 on ipranges_exp  (cost=0.00..8.64 rows=4137 width=60)
               Index Cond: (r6 >>= '2001:0:0:2000::/68'::ip6r)
               Filter: (r6 >>= '2001:0:0:2000::/68'::ip6r)
 Optimizer: Pivotal Optimizer (GPORCA)
(8 rows)

explain select * from ipranges_exp where r6 >> '2001:0:0:2000::/68' order by r6;
                                             QUERY PLAN                                             
----------------------------------------------------------------------------------------------------
 Gather Motion 3:1  (slice1; segments: 3)  (cost=0.00..28.33 rows=12411 width=60)
   Merge Key: r6
   ->  Sort  (cost=0.00..25.55 rows=4137 width=60)
         Sort Key: r6
         ->  Index Scan using ipranges_exp_r6 on ipranges_exp  (cost=0.00..8.64 rows=4137 width=60)
               Index Cond: (r6 >> '2001:0:0:2000::/68'::ip6r)
               Filter: (r6 >> '2001:0:0:2000::/68'::ip6r)
 Optimizer: Pivotal Optimizer (GPORCA)
(8 rows)

explain select * from ipranges_exp where r4 >>= '172.16.2.0/28' order by r4;
                                             QUERY PLAN                                             
----------------------------------------------------------------------------------------------------
 Gather Motion 3:1  (slice1; segments: 3)  (cost=0.00..28.33 rows=12411 width=60)
   Merge Key: r4
   ->  Sort  (cost=0.00..25.55 rows=4137 width=60)
         Sort Key: r4
         ->  Index Scan using ipranges_exp_r4 on ipranges_exp  (cost=0.00..8.64 rows=4137 width=60)
               Index Cond: (r4 >>= '172.16.2.0/28'::ip4r)
               Filter: (r4 >>= '172.16.2.0/28'::ip4r)
 Optimizer: Pivotal Optimizer (GPORCA)
(8 rows)

explain select * from ipranges_exp where r4 >> '172.16.2.0/28' order by r4;
                                             QUERY PLAN                                             
----------------------------------------------------------------------------------------------------
 Gather Motion 3:1  (slice1; segments: 3)  (cost=0.00..28.33 rows=12411 width=60)
   Merge Key: r4
   ->  Sort  (cost=0.00..25.55 rows=4137 width=60)
         Sort Key: r4
         ->  Index Scan using ipranges_exp_r4 on ipranges_exp  (cost=0.00..8.64 rows=4137 width=60)
               Index Cond: (r4 >> '172.16.2.0/28'::ip4r)
               Filter: (r4 >> '172.16.2.0/28'::ip4r)
 Optimizer: Pivotal Optimizer (GPORCA)
(8 rows)

explain select * from ipaddrs_exp where a between '8.0.0.0' and '15.0.0.0' order by a;
                                       QUERY PLAN                                        
-----------------------------------------------------------------------------------------
 Gather Motion 3:1  (slice1; segments: 3)  (cost=0.00..6.01 rows=44 width=36)
   Merge Key: a
   ->  Index Scan using ipaddrs_exp_a on ipaddrs_exp  (cost=0.00..6.01 rows=15 width=36)
         Index Cond: ((a >= '8.0.0.0'::ipaddress) AND (a <= '15.0.0.0'::ipaddress))
 Optimizer: Pivotal Optimizer (GPORCA)
(5 rows)

explain select * from ipaddrs_exp where a4 between '8.0.0.0' and '15.0.0.0' order by a4;
                                        QUERY PLAN                                        
------------------------------------------------------------------------------------------
 Gather Motion 3:1  (slice1; segments: 3)  (cost=0.00..6.01 rows=44 width=36)
   Merge Key: a4
   ->  Index Scan using ipaddrs_exp_a4 on ipaddrs_exp  (cost=0.00..6.01 rows=15 width=36)
         Index Cond: ((a4 >= '8.0.0.0'::ip4) AND (a4 <= '15.0.0.0'::ip4))
 Optimizer: Pivotal Optimizer (GPORCA)
(5 rows)

explain select * from ipaddrs_exp a join ipranges_exp r on (r.r >>= a.a) order by a,r;
                                                 QUERY PLAN                                                 
------------------------------------------------------------------------------------------------------------
 Gather Motion 3:1  (slice1; segments: 3)  (cost=0.00..16641.31 rows=3375629 width=96)
   Merge Key: ipaddrs_exp.a, ipranges_exp.r
   ->  Sort  (cost=0.00..15433.64 rows=1125210 width=96)
         Sort Key: ipaddrs_exp.a, ipranges_exp.r
         ->  Nested Loop  (cost=0.00..3121.83 rows=1125210 width=96)
               Join Filter: true
               ->  Broadcast Motion 3:3  (slice2; segments: 3)  (cost=0.00..431.18 rows=272 width=36)
                     ->  Seq Scan on ipaddrs_exp  (cost=0.00..431.00 rows=91 width=36)
               ->  Index Scan using ipranges_exp_r on ipranges_exp  (cost=0.00..2312.57 rows=1655 width=60)
                     Index Cond: (r >>= (ipaddrs_exp.a)::iprange)
                     Filter: (r >>= (ipaddrs_exp.a)::iprange)
 Optimizer: Pivotal Optimizer (GPORCA)
(12 rows)

explain select * from ipaddrs_exp a join ipranges_exp r on (r.r4 >>= a.a4) order by a4,r4;
                                                 QUERY PLAN                                                  
-------------------------------------------------------------------------------------------------------------
 Gather Motion 3:1  (slice1; segments: 3)  (cost=0.00..16641.31 rows=3375629 width=96)
   Merge Key: ipaddrs_exp.a4, ipranges_exp.r4
   ->  Sort  (cost=0.00..15433.64 rows=1125210 width=96)
         Sort Key: ipaddrs_exp.a4, ipranges_exp.r4
         ->  Nested Loop  (cost=0.00..3121.83 rows=1125210 width=96)
               Join Filter: true
               ->  Broadcast Motion 3:3  (slice2; segments: 3)  (cost=0.00..431.18 rows=272 width=36)
                     ->  Seq Scan on ipaddrs_exp  (cost=0.00..431.00 rows=91 width=36)
               ->  Index Scan using ipranges_exp_r4 on ipranges_exp  (cost=0.00..2312.57 rows=1655 width=60)
                     Index Cond: (r4 >>= (ipaddrs_exp.a4)::ip4r)
                     Filter: (r4 >>= (ipaddrs_exp.a4)::ip4r)
 Optimizer: Pivotal Optimizer (GPORCA)
(12 rows)

explain select * from ipaddrs_exp a join ipranges_exp r on (r.r6 >>= a.a6) order by a6,r6;
                                                 QUERY PLAN                                                  
-------------------------------------------------------------------------------------------------------------
 Gather Motion 3:1  (slice1; segments: 3)  (cost=0.00..16641.31 rows=3375629 width=96)
   Merge Key: ipaddrs_exp.a6, ipranges_exp.r6
   ->  Sort  (cost=0.00..15433.64 rows=1125210 width=96)
         Sort Key: ipaddrs_exp.a6, ipranges_exp.r6
         ->  Nested Loop  (cost=0.00..3121.83 rows=1125210 width=96)
               Join Filter: true
               ->  Broadcast Motion 3:3  (slice2; segments: 3)  (cost=0.00..431.18 rows=272 width=36)
                     ->  Seq Scan on ipaddrs_exp  (cost=0.00..431.00 rows=91 width=36)
               ->  Index Scan using ipranges_exp_r6 on ipranges_exp  (cost=0.00..2312.57 rows=1655 width=60)
                     Index Cond: (r6 >>= (ipaddrs_exp.a6)::ip6r)
                     Filter: (r6 >>= (ipaddrs_exp.a6)::ip6r)
 Optimizer: Pivotal Optimizer (GPORCA)
(12 rows)

-- index-only, on versions that support it:
vacuum ipranges_exp;
explain select r from ipranges_exp where r >>= '5555::' order by r;
                                            QUERY PLAN                                             
---------------------------------------------------------------------------------------------------
 Gather Motion 3:1  (slice1; segments: 3)  (cost=0.00..14.90 rows=12411 width=20)
   Merge Key: r
   ->  Sort  (cost=0.00..13.97 rows=4137 width=20)
         Sort Key: r
         ->  Index Scan using ipranges_exp_r on ipranges_exp  (cost=0.00..8.34 rows=4137 width=20)
               Index Cond: (r >>= '5555::'::iprange)
               Filter: (r >>= '5555::'::iprange)
 Optimizer: Pivotal Optimizer (GPORCA)
(8 rows)

explain select r6 from ipranges_exp where r6 >>= '5555::' order by r6;
                                             QUERY PLAN                                             
----------------------------------------------------------------------------------------------------
 Gather Motion 3:1  (slice1; segments: 3)  (cost=0.00..18.93 rows=12411 width=32)
   Merge Key: r6
   ->  Sort  (cost=0.00..17.45 rows=4137 width=32)
         Sort Key: r6
         ->  Index Scan using ipranges_exp_r6 on ipranges_exp  (cost=0.00..8.43 rows=4137 width=32)
               Index Cond: (r6 >>= '5555::'::ip6r)
               Filter: (r6 >>= '5555::'::ip6r)
 Optimizer: Pivotal Optimizer (GPORCA)
(8 rows)

explain select r4 from ipranges_exp where r4 >>= '172.16.2.0' order by r4;
                                            QUERY PLAN                                             
---------------------------------------------------------------------------------------------------
 Gather Motion 3:1  (slice1; segments: 3)  (cost=0.00..10.87 rows=12411 width=8)
   Merge Key: r4
   ->  Sort  (cost=0.00..10.50 rows=4137 width=8)
         Sort Key: r4
         ->  Index Scan using ipranges_exp_r4 on ipranges_exp  (cost=0.00..8.24 rows=4137 width=8)
               Index Cond: (r4 >>= '172.16.2.0'::ip4r)
               Filter: (r4 >>= '172.16.2.0'::ip4r)
 Optimizer: Pivotal Optimizer (GPORCA)
(8 rows)

\!gpconfig -r enable_seqscan > /dev/null
\!gpstop -u > /dev/null
